[2025-09-29 20:01:42] local.ERROR: Method Illuminate\Database\Schema\Blueprint::check does not exist. {"exception":"[object] (BadMethodCallException(code: 0): Method Illuminate\\Database\\Schema\\Blueprint::check does not exist. at /home/runner/work/trix-laravel/trix-laravel/vendor/laravel/framework/src/Illuminate/Macroable/Traits/Macroable.php:115)
[stacktrace]
#0 /home/runner/work/trix-laravel/trix-laravel/database/migrations/2025_09_29_195721_create_rating_reviews_table.php(24): Illuminate\\Database\\Schema\\Blueprint->__call()
#1 /home/runner/work/trix-laravel/trix-laravel/vendor/laravel/framework/src/Illuminate/Database/Schema/Builder.php(475): Illuminate\\Database\\Migrations\\Migration@anonymous->{closure}()
#2 /home/runner/work/trix-laravel/trix-laravel/vendor/laravel/framework/src/Illuminate/Support/helpers.php(390): Illuminate\\Database\\Schema\\Builder->Illuminate\\Database\\Schema\\{closure}()
#3 /home/runner/work/trix-laravel/trix-laravel/vendor/laravel/framework/src/Illuminate/Database/Schema/Builder.php(472): tap()
#4 /home/runner/work/trix-laravel/trix-laravel/vendor/laravel/framework/src/Illuminate/Support/Facades/Facade.php(363): Illuminate\\Database\\Schema\\Builder->create()
#5 /home/runner/work/trix-laravel/trix-laravel/database/migrations/2025_09_29_195721_create_rating_reviews_table.php(14): Illuminate\\Support\\Facades\\Facade::__callStatic()
#6 /home/runner/work/trix-laravel/trix-laravel/vendor/laravel/framework/src/Illuminate/Database/Migrations/Migrator.php(514): Illuminate\\Database\\Migrations\\Migration@anonymous->up()
#7 /home/runner/work/trix-laravel/trix-laravel/vendor/laravel/framework/src/Illuminate/Database/Migrations/Migrator.php(494): Illuminate\\Database\\Migrations\\Migrator->runMethod()
#8 /home/runner/work/trix-laravel/trix-laravel/vendor/laravel/framework/src/Illuminate/Database/Connection.php(652): Illuminate\\Database\\Migrations\\Migrator->Illuminate\\Database\\Migrations\\{closure}()
#9 /home/runner/work/trix-laravel/trix-laravel/vendor/laravel/framework/src/Illuminate/Database/Connection.php(701): Illuminate\\Database\\Connection->Illuminate\\Database\\{closure}()
#10 /home/runner/work/trix-laravel/trix-laravel/vendor/laravel/framework/src/Illuminate/Database/Connection.php(646): Illuminate\\Database\\Connection->withFreshQueryLog()
#11 /home/runner/work/trix-laravel/trix-laravel/vendor/laravel/framework/src/Illuminate/Database/Migrations/Migrator.php(492): Illuminate\\Database\\Connection->pretend()
#12 /home/runner/work/trix-laravel/trix-laravel/vendor/laravel/framework/src/Illuminate/Database/Migrations/Migrator.php(472): Illuminate\\Database\\Migrations\\Migrator->getQueries()
#13 /home/runner/work/trix-laravel/trix-laravel/vendor/laravel/framework/src/Illuminate/Database/Migrations/Migrator.php(240): Illuminate\\Database\\Migrations\\Migrator->pretendToRun()
#14 /home/runner/work/trix-laravel/trix-laravel/vendor/laravel/framework/src/Illuminate/Database/Migrations/Migrator.php(210): Illuminate\\Database\\Migrations\\Migrator->runUp()
#15 /home/runner/work/trix-laravel/trix-laravel/vendor/laravel/framework/src/Illuminate/Database/Migrations/Migrator.php(137): Illuminate\\Database\\Migrations\\Migrator->runPending()
#16 /home/runner/work/trix-laravel/trix-laravel/vendor/laravel/framework/src/Illuminate/Database/Console/Migrations/MigrateCommand.php(116): Illuminate\\Database\\Migrations\\Migrator->run()
#17 /home/runner/work/trix-laravel/trix-laravel/vendor/laravel/framework/src/Illuminate/Database/Migrations/Migrator.php(666): Illuminate\\Database\\Console\\Migrations\\MigrateCommand->Illuminate\\Database\\Console\\Migrations\\{closure}()
#18 /home/runner/work/trix-laravel/trix-laravel/vendor/laravel/framework/src/Illuminate/Database/Console/Migrations/MigrateCommand.php(109): Illuminate\\Database\\Migrations\\Migrator->usingConnection()
#19 /home/runner/work/trix-laravel/trix-laravel/vendor/laravel/framework/src/Illuminate/Database/Console/Migrations/MigrateCommand.php(88): Illuminate\\Database\\Console\\Migrations\\MigrateCommand->runMigrations()
#20 /home/runner/work/trix-laravel/trix-laravel/vendor/laravel/framework/src/Illuminate/Container/BoundMethod.php(36): Illuminate\\Database\\Console\\Migrations\\MigrateCommand->handle()
#21 /home/runner/work/trix-laravel/trix-laravel/vendor/laravel/framework/src/Illuminate/Container/Util.php(43): Illuminate\\Container\\BoundMethod::Illuminate\\Container\\{closure}()
#22 /home/runner/work/trix-laravel/trix-laravel/vendor/laravel/framework/src/Illuminate/Container/BoundMethod.php(96): Illuminate\\Container\\Util::unwrapIfClosure()
#23 /home/runner/work/trix-laravel/trix-laravel/vendor/laravel/framework/src/Illuminate/Container/BoundMethod.php(35): Illuminate\\Container\\BoundMethod::callBoundMethod()
#24 /home/runner/work/trix-laravel/trix-laravel/vendor/laravel/framework/src/Illuminate/Container/Container.php(836): Illuminate\\Container\\BoundMethod::call()
#25 /home/runner/work/trix-laravel/trix-laravel/vendor/laravel/framework/src/Illuminate/Console/Command.php(211): Illuminate\\Container\\Container->call()
#26 /home/runner/work/trix-laravel/trix-laravel/vendor/symfony/console/Command/Command.php(318): Illuminate\\Console\\Command->execute()
#27 /home/runner/work/trix-laravel/trix-laravel/vendor/laravel/framework/src/Illuminate/Console/Command.php(180): Symfony\\Component\\Console\\Command\\Command->run()
#28 /home/runner/work/trix-laravel/trix-laravel/vendor/symfony/console/Application.php(1110): Illuminate\\Console\\Command->run()
#29 /home/runner/work/trix-laravel/trix-laravel/vendor/symfony/console/Application.php(359): Symfony\\Component\\Console\\Application->doRunCommand()
#30 /home/runner/work/trix-laravel/trix-laravel/vendor/symfony/console/Application.php(194): Symfony\\Component\\Console\\Application->doRun()
#31 /home/runner/work/trix-laravel/trix-laravel/vendor/laravel/framework/src/Illuminate/Foundation/Console/Kernel.php(197): Symfony\\Component\\Console\\Application->run()
#32 /home/runner/work/trix-laravel/trix-laravel/artisan(33): Illuminate\\Foundation\\Console\\Kernel->handle()
#33 {main}
"} 
[2025-09-29 20:02:18] local.ERROR: SQLSTATE[HY000]: General error: 1 near "CONSTRAINT": syntax error (Connection: sqlite, SQL: ALTER TABLE rating_reviews ADD CONSTRAINT rating_check CHECK (rating >= 1 AND rating <= 5)) {"exception":"[object] (Illuminate\\Database\\QueryException(code: HY000): SQLSTATE[HY000]: General error: 1 near \"CONSTRAINT\": syntax error (Connection: sqlite, SQL: ALTER TABLE rating_reviews ADD CONSTRAINT rating_check CHECK (rating >= 1 AND rating <= 5)) at /home/runner/work/trix-laravel/trix-laravel/vendor/laravel/framework/src/Illuminate/Database/Connection.php:824)
[stacktrace]
#0 /home/runner/work/trix-laravel/trix-laravel/vendor/laravel/framework/src/Illuminate/Database/Connection.php(778): Illuminate\\Database\\Connection->runQueryCallback()
#1 /home/runner/work/trix-laravel/trix-laravel/vendor/laravel/framework/src/Illuminate/Database/Connection.php(559): Illuminate\\Database\\Connection->run()
#2 /home/runner/work/trix-laravel/trix-laravel/vendor/laravel/framework/src/Illuminate/Database/DatabaseManager.php(489): Illuminate\\Database\\Connection->statement()
#3 /home/runner/work/trix-laravel/trix-laravel/vendor/laravel/framework/src/Illuminate/Support/Facades/Facade.php(363): Illuminate\\Database\\DatabaseManager->__call()
#4 /home/runner/work/trix-laravel/trix-laravel/database/migrations/2025_09_29_195721_create_rating_reviews_table.php(26): Illuminate\\Support\\Facades\\Facade::__callStatic()
#5 /home/runner/work/trix-laravel/trix-laravel/vendor/laravel/framework/src/Illuminate/Database/Migrations/Migrator.php(514): Illuminate\\Database\\Migrations\\Migration@anonymous->up()
#6 /home/runner/work/trix-laravel/trix-laravel/vendor/laravel/framework/src/Illuminate/Database/Migrations/Migrator.php(439): Illuminate\\Database\\Migrations\\Migrator->runMethod()
#7 /home/runner/work/trix-laravel/trix-laravel/vendor/laravel/framework/src/Illuminate/Database/Migrations/Migrator.php(448): Illuminate\\Database\\Migrations\\Migrator->Illuminate\\Database\\Migrations\\{closure}()
#8 /home/runner/work/trix-laravel/trix-laravel/vendor/laravel/framework/src/Illuminate/Database/Migrations/Migrator.php(250): Illuminate\\Database\\Migrations\\Migrator->runMigration()
#9 /home/runner/work/trix-laravel/trix-laravel/vendor/laravel/framework/src/Illuminate/Console/View/Components/Task.php(41): Illuminate\\Database\\Migrations\\Migrator->Illuminate\\Database\\Migrations\\{closure}()
#10 /home/runner/work/trix-laravel/trix-laravel/vendor/laravel/framework/src/Illuminate/Database/Migrations/Migrator.php(809): Illuminate\\Console\\View\\Components\\Task->render()
#11 /home/runner/work/trix-laravel/trix-laravel/vendor/laravel/framework/src/Illuminate/Database/Migrations/Migrator.php(250): Illuminate\\Database\\Migrations\\Migrator->write()
#12 /home/runner/work/trix-laravel/trix-laravel/vendor/laravel/framework/src/Illuminate/Database/Migrations/Migrator.php(210): Illuminate\\Database\\Migrations\\Migrator->runUp()
#13 /home/runner/work/trix-laravel/trix-laravel/vendor/laravel/framework/src/Illuminate/Database/Migrations/Migrator.php(137): Illuminate\\Database\\Migrations\\Migrator->runPending()
#14 /home/runner/work/trix-laravel/trix-laravel/vendor/laravel/framework/src/Illuminate/Database/Console/Migrations/MigrateCommand.php(116): Illuminate\\Database\\Migrations\\Migrator->run()
#15 /home/runner/work/trix-laravel/trix-laravel/vendor/laravel/framework/src/Illuminate/Database/Migrations/Migrator.php(666): Illuminate\\Database\\Console\\Migrations\\MigrateCommand->Illuminate\\Database\\Console\\Migrations\\{closure}()
#16 /home/runner/work/trix-laravel/trix-laravel/vendor/laravel/framework/src/Illuminate/Database/Console/Migrations/MigrateCommand.php(109): Illuminate\\Database\\Migrations\\Migrator->usingConnection()
#17 /home/runner/work/trix-laravel/trix-laravel/vendor/laravel/framework/src/Illuminate/Database/Console/Migrations/MigrateCommand.php(88): Illuminate\\Database\\Console\\Migrations\\MigrateCommand->runMigrations()
#18 /home/runner/work/trix-laravel/trix-laravel/vendor/laravel/framework/src/Illuminate/Container/BoundMethod.php(36): Illuminate\\Database\\Console\\Migrations\\MigrateCommand->handle()
#19 /home/runner/work/trix-laravel/trix-laravel/vendor/laravel/framework/src/Illuminate/Container/Util.php(43): Illuminate\\Container\\BoundMethod::Illuminate\\Container\\{closure}()
#20 /home/runner/work/trix-laravel/trix-laravel/vendor/laravel/framework/src/Illuminate/Container/BoundMethod.php(96): Illuminate\\Container\\Util::unwrapIfClosure()
#21 /home/runner/work/trix-laravel/trix-laravel/vendor/laravel/framework/src/Illuminate/Container/BoundMethod.php(35): Illuminate\\Container\\BoundMethod::callBoundMethod()
#22 /home/runner/work/trix-laravel/trix-laravel/vendor/laravel/framework/src/Illuminate/Container/Container.php(836): Illuminate\\Container\\BoundMethod::call()
#23 /home/runner/work/trix-laravel/trix-laravel/vendor/laravel/framework/src/Illuminate/Console/Command.php(211): Illuminate\\Container\\Container->call()
#24 /home/runner/work/trix-laravel/trix-laravel/vendor/symfony/console/Command/Command.php(318): Illuminate\\Console\\Command->execute()
#25 /home/runner/work/trix-laravel/trix-laravel/vendor/laravel/framework/src/Illuminate/Console/Command.php(180): Symfony\\Component\\Console\\Command\\Command->run()
#26 /home/runner/work/trix-laravel/trix-laravel/vendor/symfony/console/Application.php(1110): Illuminate\\Console\\Command->run()
#27 /home/runner/work/trix-laravel/trix-laravel/vendor/symfony/console/Application.php(359): Symfony\\Component\\Console\\Application->doRunCommand()
#28 /home/runner/work/trix-laravel/trix-laravel/vendor/symfony/console/Application.php(194): Symfony\\Component\\Console\\Application->doRun()
#29 /home/runner/work/trix-laravel/trix-laravel/vendor/laravel/framework/src/Illuminate/Foundation/Console/Kernel.php(197): Symfony\\Component\\Console\\Application->run()
#30 /home/runner/work/trix-laravel/trix-laravel/artisan(33): Illuminate\\Foundation\\Console\\Kernel->handle()
#31 {main}

[previous exception] [object] (PDOException(code: HY000): SQLSTATE[HY000]: General error: 1 near \"CONSTRAINT\": syntax error at /home/runner/work/trix-laravel/trix-laravel/vendor/laravel/framework/src/Illuminate/Database/Connection.php:564)
[stacktrace]
#0 /home/runner/work/trix-laravel/trix-laravel/vendor/laravel/framework/src/Illuminate/Database/Connection.php(564): PDO->prepare()
#1 /home/runner/work/trix-laravel/trix-laravel/vendor/laravel/framework/src/Illuminate/Database/Connection.php(811): Illuminate\\Database\\Connection->Illuminate\\Database\\{closure}()
#2 /home/runner/work/trix-laravel/trix-laravel/vendor/laravel/framework/src/Illuminate/Database/Connection.php(778): Illuminate\\Database\\Connection->runQueryCallback()
#3 /home/runner/work/trix-laravel/trix-laravel/vendor/laravel/framework/src/Illuminate/Database/Connection.php(559): Illuminate\\Database\\Connection->run()
#4 /home/runner/work/trix-laravel/trix-laravel/vendor/laravel/framework/src/Illuminate/Database/DatabaseManager.php(489): Illuminate\\Database\\Connection->statement()
#5 /home/runner/work/trix-laravel/trix-laravel/vendor/laravel/framework/src/Illuminate/Support/Facades/Facade.php(363): Illuminate\\Database\\DatabaseManager->__call()
#6 /home/runner/work/trix-laravel/trix-laravel/database/migrations/2025_09_29_195721_create_rating_reviews_table.php(26): Illuminate\\Support\\Facades\\Facade::__callStatic()
#7 /home/runner/work/trix-laravel/trix-laravel/vendor/laravel/framework/src/Illuminate/Database/Migrations/Migrator.php(514): Illuminate\\Database\\Migrations\\Migration@anonymous->up()
#8 /home/runner/work/trix-laravel/trix-laravel/vendor/laravel/framework/src/Illuminate/Database/Migrations/Migrator.php(439): Illuminate\\Database\\Migrations\\Migrator->runMethod()
#9 /home/runner/work/trix-laravel/trix-laravel/vendor/laravel/framework/src/Illuminate/Database/Migrations/Migrator.php(448): Illuminate\\Database\\Migrations\\Migrator->Illuminate\\Database\\Migrations\\{closure}()
#10 /home/runner/work/trix-laravel/trix-laravel/vendor/laravel/framework/src/Illuminate/Database/Migrations/Migrator.php(250): Illuminate\\Database\\Migrations\\Migrator->runMigration()
#11 /home/runner/work/trix-laravel/trix-laravel/vendor/laravel/framework/src/Illuminate/Console/View/Components/Task.php(41): Illuminate\\Database\\Migrations\\Migrator->Illuminate\\Database\\Migrations\\{closure}()
#12 /home/runner/work/trix-laravel/trix-laravel/vendor/laravel/framework/src/Illuminate/Database/Migrations/Migrator.php(809): Illuminate\\Console\\View\\Components\\Task->render()
#13 /home/runner/work/trix-laravel/trix-laravel/vendor/laravel/framework/src/Illuminate/Database/Migrations/Migrator.php(250): Illuminate\\Database\\Migrations\\Migrator->write()
#14 /home/runner/work/trix-laravel/trix-laravel/vendor/laravel/framework/src/Illuminate/Database/Migrations/Migrator.php(210): Illuminate\\Database\\Migrations\\Migrator->runUp()
#15 /home/runner/work/trix-laravel/trix-laravel/vendor/laravel/framework/src/Illuminate/Database/Migrations/Migrator.php(137): Illuminate\\Database\\Migrations\\Migrator->runPending()
#16 /home/runner/work/trix-laravel/trix-laravel/vendor/laravel/framework/src/Illuminate/Database/Console/Migrations/MigrateCommand.php(116): Illuminate\\Database\\Migrations\\Migrator->run()
#17 /home/runner/work/trix-laravel/trix-laravel/vendor/laravel/framework/src/Illuminate/Database/Migrations/Migrator.php(666): Illuminate\\Database\\Console\\Migrations\\MigrateCommand->Illuminate\\Database\\Console\\Migrations\\{closure}()
#18 /home/runner/work/trix-laravel/trix-laravel/vendor/laravel/framework/src/Illuminate/Database/Console/Migrations/MigrateCommand.php(109): Illuminate\\Database\\Migrations\\Migrator->usingConnection()
#19 /home/runner/work/trix-laravel/trix-laravel/vendor/laravel/framework/src/Illuminate/Database/Console/Migrations/MigrateCommand.php(88): Illuminate\\Database\\Console\\Migrations\\MigrateCommand->runMigrations()
#20 /home/runner/work/trix-laravel/trix-laravel/vendor/laravel/framework/src/Illuminate/Container/BoundMethod.php(36): Illuminate\\Database\\Console\\Migrations\\MigrateCommand->handle()
#21 /home/runner/work/trix-laravel/trix-laravel/vendor/laravel/framework/src/Illuminate/Container/Util.php(43): Illuminate\\Container\\BoundMethod::Illuminate\\Container\\{closure}()
#22 /home/runner/work/trix-laravel/trix-laravel/vendor/laravel/framework/src/Illuminate/Container/BoundMethod.php(96): Illuminate\\Container\\Util::unwrapIfClosure()
#23 /home/runner/work/trix-laravel/trix-laravel/vendor/laravel/framework/src/Illuminate/Container/BoundMethod.php(35): Illuminate\\Container\\BoundMethod::callBoundMethod()
#24 /home/runner/work/trix-laravel/trix-laravel/vendor/laravel/framework/src/Illuminate/Container/Container.php(836): Illuminate\\Container\\BoundMethod::call()
#25 /home/runner/work/trix-laravel/trix-laravel/vendor/laravel/framework/src/Illuminate/Console/Command.php(211): Illuminate\\Container\\Container->call()
#26 /home/runner/work/trix-laravel/trix-laravel/vendor/symfony/console/Command/Command.php(318): Illuminate\\Console\\Command->execute()
#27 /home/runner/work/trix-laravel/trix-laravel/vendor/laravel/framework/src/Illuminate/Console/Command.php(180): Symfony\\Component\\Console\\Command\\Command->run()
#28 /home/runner/work/trix-laravel/trix-laravel/vendor/symfony/console/Application.php(1110): Illuminate\\Console\\Command->run()
#29 /home/runner/work/trix-laravel/trix-laravel/vendor/symfony/console/Application.php(359): Symfony\\Component\\Console\\Application->doRunCommand()
#30 /home/runner/work/trix-laravel/trix-laravel/vendor/symfony/console/Application.php(194): Symfony\\Component\\Console\\Application->doRun()
#31 /home/runner/work/trix-laravel/trix-laravel/vendor/laravel/framework/src/Illuminate/Foundation/Console/Kernel.php(197): Symfony\\Component\\Console\\Application->run()
#32 /home/runner/work/trix-laravel/trix-laravel/artisan(33): Illuminate\\Foundation\\Console\\Kernel->handle()
#33 {main}
"} 
[2025-09-29 20:02:38] local.ERROR: SQLSTATE[HY000]: General error: 1 no such table: main.shipments (Connection: sqlite, SQL: drop table if exists "users") {"exception":"[object] (Illuminate\\Database\\QueryException(code: HY000): SQLSTATE[HY000]: General error: 1 no such table: main.shipments (Connection: sqlite, SQL: drop table if exists \"users\") at /home/runner/work/trix-laravel/trix-laravel/vendor/laravel/framework/src/Illuminate/Database/Connection.php:824)
[stacktrace]
#0 /home/runner/work/trix-laravel/trix-laravel/vendor/laravel/framework/src/Illuminate/Database/Connection.php(778): Illuminate\\Database\\Connection->runQueryCallback()
#1 /home/runner/work/trix-laravel/trix-laravel/vendor/laravel/framework/src/Illuminate/Database/Connection.php(559): Illuminate\\Database\\Connection->run()
#2 /home/runner/work/trix-laravel/trix-laravel/vendor/laravel/framework/src/Illuminate/Database/Schema/Blueprint.php(121): Illuminate\\Database\\Connection->statement()
#3 /home/runner/work/trix-laravel/trix-laravel/vendor/laravel/framework/src/Illuminate/Database/Schema/Builder.php(618): Illuminate\\Database\\Schema\\Blueprint->build()
#4 /home/runner/work/trix-laravel/trix-laravel/vendor/laravel/framework/src/Illuminate/Database/Schema/Builder.php(500): Illuminate\\Database\\Schema\\Builder->build()
#5 /home/runner/work/trix-laravel/trix-laravel/vendor/laravel/framework/src/Illuminate/Support/Facades/Facade.php(363): Illuminate\\Database\\Schema\\Builder->dropIfExists()
#6 /home/runner/work/trix-laravel/trix-laravel/database/migrations/2025_09_29_195712_create_users_table.php(33): Illuminate\\Support\\Facades\\Facade::__callStatic()
#7 /home/runner/work/trix-laravel/trix-laravel/vendor/laravel/framework/src/Illuminate/Database/Migrations/Migrator.php(514): Illuminate\\Database\\Migrations\\Migration@anonymous->down()
#8 /home/runner/work/trix-laravel/trix-laravel/vendor/laravel/framework/src/Illuminate/Database/Migrations/Migrator.php(439): Illuminate\\Database\\Migrations\\Migrator->runMethod()
#9 /home/runner/work/trix-laravel/trix-laravel/vendor/laravel/framework/src/Illuminate/Database/Migrations/Migrator.php(448): Illuminate\\Database\\Migrations\\Migrator->Illuminate\\Database\\Migrations\\{closure}()
#10 /home/runner/work/trix-laravel/trix-laravel/vendor/laravel/framework/src/Illuminate/Database/Migrations/Migrator.php(414): Illuminate\\Database\\Migrations\\Migrator->runMigration()
#11 /home/runner/work/trix-laravel/trix-laravel/vendor/laravel/framework/src/Illuminate/Console/View/Components/Task.php(41): Illuminate\\Database\\Migrations\\Migrator->Illuminate\\Database\\Migrations\\{closure}()
#12 /home/runner/work/trix-laravel/trix-laravel/vendor/laravel/framework/src/Illuminate/Database/Migrations/Migrator.php(809): Illuminate\\Console\\View\\Components\\Task->render()
#13 /home/runner/work/trix-laravel/trix-laravel/vendor/laravel/framework/src/Illuminate/Database/Migrations/Migrator.php(414): Illuminate\\Database\\Migrations\\Migrator->write()
#14 /home/runner/work/trix-laravel/trix-laravel/vendor/laravel/framework/src/Illuminate/Database/Migrations/Migrator.php(337): Illuminate\\Database\\Migrations\\Migrator->runDown()
#15 /home/runner/work/trix-laravel/trix-laravel/vendor/laravel/framework/src/Illuminate/Database/Migrations/Migrator.php(281): Illuminate\\Database\\Migrations\\Migrator->rollbackMigrations()
#16 /home/runner/work/trix-laravel/trix-laravel/vendor/laravel/framework/src/Illuminate/Database/Console/Migrations/RollbackCommand.php(63): Illuminate\\Database\\Migrations\\Migrator->rollback()
#17 /home/runner/work/trix-laravel/trix-laravel/vendor/laravel/framework/src/Illuminate/Database/Migrations/Migrator.php(666): Illuminate\\Database\\Console\\Migrations\\RollbackCommand->Illuminate\\Database\\Console\\Migrations\\{closure}()
#18 /home/runner/work/trix-laravel/trix-laravel/vendor/laravel/framework/src/Illuminate/Database/Console/Migrations/RollbackCommand.php(62): Illuminate\\Database\\Migrations\\Migrator->usingConnection()
#19 /home/runner/work/trix-laravel/trix-laravel/vendor/laravel/framework/src/Illuminate/Container/BoundMethod.php(36): Illuminate\\Database\\Console\\Migrations\\RollbackCommand->handle()
#20 /home/runner/work/trix-laravel/trix-laravel/vendor/laravel/framework/src/Illuminate/Container/Util.php(43): Illuminate\\Container\\BoundMethod::Illuminate\\Container\\{closure}()
#21 /home/runner/work/trix-laravel/trix-laravel/vendor/laravel/framework/src/Illuminate/Container/BoundMethod.php(96): Illuminate\\Container\\Util::unwrapIfClosure()
#22 /home/runner/work/trix-laravel/trix-laravel/vendor/laravel/framework/src/Illuminate/Container/BoundMethod.php(35): Illuminate\\Container\\BoundMethod::callBoundMethod()
#23 /home/runner/work/trix-laravel/trix-laravel/vendor/laravel/framework/src/Illuminate/Container/Container.php(836): Illuminate\\Container\\BoundMethod::call()
#24 /home/runner/work/trix-laravel/trix-laravel/vendor/laravel/framework/src/Illuminate/Console/Command.php(211): Illuminate\\Container\\Container->call()
#25 /home/runner/work/trix-laravel/trix-laravel/vendor/symfony/console/Command/Command.php(318): Illuminate\\Console\\Command->execute()
#26 /home/runner/work/trix-laravel/trix-laravel/vendor/laravel/framework/src/Illuminate/Console/Command.php(180): Symfony\\Component\\Console\\Command\\Command->run()
#27 /home/runner/work/trix-laravel/trix-laravel/vendor/symfony/console/Application.php(1110): Illuminate\\Console\\Command->run()
#28 /home/runner/work/trix-laravel/trix-laravel/vendor/symfony/console/Application.php(359): Symfony\\Component\\Console\\Application->doRunCommand()
#29 /home/runner/work/trix-laravel/trix-laravel/vendor/symfony/console/Application.php(194): Symfony\\Component\\Console\\Application->doRun()
#30 /home/runner/work/trix-laravel/trix-laravel/vendor/laravel/framework/src/Illuminate/Foundation/Console/Kernel.php(197): Symfony\\Component\\Console\\Application->run()
#31 /home/runner/work/trix-laravel/trix-laravel/artisan(33): Illuminate\\Foundation\\Console\\Kernel->handle()
#32 {main}

[previous exception] [object] (PDOException(code: HY000): SQLSTATE[HY000]: General error: 1 no such table: main.shipments at /home/runner/work/trix-laravel/trix-laravel/vendor/laravel/framework/src/Illuminate/Database/Connection.php:564)
[stacktrace]
#0 /home/runner/work/trix-laravel/trix-laravel/vendor/laravel/framework/src/Illuminate/Database/Connection.php(564): PDO->prepare()
#1 /home/runner/work/trix-laravel/trix-laravel/vendor/laravel/framework/src/Illuminate/Database/Connection.php(811): Illuminate\\Database\\Connection->Illuminate\\Database\\{closure}()
#2 /home/runner/work/trix-laravel/trix-laravel/vendor/laravel/framework/src/Illuminate/Database/Connection.php(778): Illuminate\\Database\\Connection->runQueryCallback()
#3 /home/runner/work/trix-laravel/trix-laravel/vendor/laravel/framework/src/Illuminate/Database/Connection.php(559): Illuminate\\Database\\Connection->run()
#4 /home/runner/work/trix-laravel/trix-laravel/vendor/laravel/framework/src/Illuminate/Database/Schema/Blueprint.php(121): Illuminate\\Database\\Connection->statement()
#5 /home/runner/work/trix-laravel/trix-laravel/vendor/laravel/framework/src/Illuminate/Database/Schema/Builder.php(618): Illuminate\\Database\\Schema\\Blueprint->build()
#6 /home/runner/work/trix-laravel/trix-laravel/vendor/laravel/framework/src/Illuminate/Database/Schema/Builder.php(500): Illuminate\\Database\\Schema\\Builder->build()
#7 /home/runner/work/trix-laravel/trix-laravel/vendor/laravel/framework/src/Illuminate/Support/Facades/Facade.php(363): Illuminate\\Database\\Schema\\Builder->dropIfExists()
#8 /home/runner/work/trix-laravel/trix-laravel/database/migrations/2025_09_29_195712_create_users_table.php(33): Illuminate\\Support\\Facades\\Facade::__callStatic()
#9 /home/runner/work/trix-laravel/trix-laravel/vendor/laravel/framework/src/Illuminate/Database/Migrations/Migrator.php(514): Illuminate\\Database\\Migrations\\Migration@anonymous->down()
#10 /home/runner/work/trix-laravel/trix-laravel/vendor/laravel/framework/src/Illuminate/Database/Migrations/Migrator.php(439): Illuminate\\Database\\Migrations\\Migrator->runMethod()
#11 /home/runner/work/trix-laravel/trix-laravel/vendor/laravel/framework/src/Illuminate/Database/Migrations/Migrator.php(448): Illuminate\\Database\\Migrations\\Migrator->Illuminate\\Database\\Migrations\\{closure}()
#12 /home/runner/work/trix-laravel/trix-laravel/vendor/laravel/framework/src/Illuminate/Database/Migrations/Migrator.php(414): Illuminate\\Database\\Migrations\\Migrator->runMigration()
#13 /home/runner/work/trix-laravel/trix-laravel/vendor/laravel/framework/src/Illuminate/Console/View/Components/Task.php(41): Illuminate\\Database\\Migrations\\Migrator->Illuminate\\Database\\Migrations\\{closure}()
#14 /home/runner/work/trix-laravel/trix-laravel/vendor/laravel/framework/src/Illuminate/Database/Migrations/Migrator.php(809): Illuminate\\Console\\View\\Components\\Task->render()
#15 /home/runner/work/trix-laravel/trix-laravel/vendor/laravel/framework/src/Illuminate/Database/Migrations/Migrator.php(414): Illuminate\\Database\\Migrations\\Migrator->write()
#16 /home/runner/work/trix-laravel/trix-laravel/vendor/laravel/framework/src/Illuminate/Database/Migrations/Migrator.php(337): Illuminate\\Database\\Migrations\\Migrator->runDown()
#17 /home/runner/work/trix-laravel/trix-laravel/vendor/laravel/framework/src/Illuminate/Database/Migrations/Migrator.php(281): Illuminate\\Database\\Migrations\\Migrator->rollbackMigrations()
#18 /home/runner/work/trix-laravel/trix-laravel/vendor/laravel/framework/src/Illuminate/Database/Console/Migrations/RollbackCommand.php(63): Illuminate\\Database\\Migrations\\Migrator->rollback()
#19 /home/runner/work/trix-laravel/trix-laravel/vendor/laravel/framework/src/Illuminate/Database/Migrations/Migrator.php(666): Illuminate\\Database\\Console\\Migrations\\RollbackCommand->Illuminate\\Database\\Console\\Migrations\\{closure}()
#20 /home/runner/work/trix-laravel/trix-laravel/vendor/laravel/framework/src/Illuminate/Database/Console/Migrations/RollbackCommand.php(62): Illuminate\\Database\\Migrations\\Migrator->usingConnection()
#21 /home/runner/work/trix-laravel/trix-laravel/vendor/laravel/framework/src/Illuminate/Container/BoundMethod.php(36): Illuminate\\Database\\Console\\Migrations\\RollbackCommand->handle()
#22 /home/runner/work/trix-laravel/trix-laravel/vendor/laravel/framework/src/Illuminate/Container/Util.php(43): Illuminate\\Container\\BoundMethod::Illuminate\\Container\\{closure}()
#23 /home/runner/work/trix-laravel/trix-laravel/vendor/laravel/framework/src/Illuminate/Container/BoundMethod.php(96): Illuminate\\Container\\Util::unwrapIfClosure()
#24 /home/runner/work/trix-laravel/trix-laravel/vendor/laravel/framework/src/Illuminate/Container/BoundMethod.php(35): Illuminate\\Container\\BoundMethod::callBoundMethod()
#25 /home/runner/work/trix-laravel/trix-laravel/vendor/laravel/framework/src/Illuminate/Container/Container.php(836): Illuminate\\Container\\BoundMethod::call()
#26 /home/runner/work/trix-laravel/trix-laravel/vendor/laravel/framework/src/Illuminate/Console/Command.php(211): Illuminate\\Container\\Container->call()
#27 /home/runner/work/trix-laravel/trix-laravel/vendor/symfony/console/Command/Command.php(318): Illuminate\\Console\\Command->execute()
#28 /home/runner/work/trix-laravel/trix-laravel/vendor/laravel/framework/src/Illuminate/Console/Command.php(180): Symfony\\Component\\Console\\Command\\Command->run()
#29 /home/runner/work/trix-laravel/trix-laravel/vendor/symfony/console/Application.php(1110): Illuminate\\Console\\Command->run()
#30 /home/runner/work/trix-laravel/trix-laravel/vendor/symfony/console/Application.php(359): Symfony\\Component\\Console\\Application->doRunCommand()
#31 /home/runner/work/trix-laravel/trix-laravel/vendor/symfony/console/Application.php(194): Symfony\\Component\\Console\\Application->doRun()
#32 /home/runner/work/trix-laravel/trix-laravel/vendor/laravel/framework/src/Illuminate/Foundation/Console/Kernel.php(197): Symfony\\Component\\Console\\Application->run()
#33 /home/runner/work/trix-laravel/trix-laravel/artisan(33): Illuminate\\Foundation\\Console\\Kernel->handle()
#34 {main}
"} 
